<?xml version="1.0" encoding="UTF-8"?>
<!-- Generated by org.testng.reporters.JUnitXMLReporter -->
<testsuite ignored="0" hostname="LAPTOP-I738VVCC" failures="1" tests="6" name="Regression1" time="126.834" errors="0" timestamp="2022-01-26T22:35:14 EST">
  <testcase classname="com.magnus.day3.Account" name="test1" time="28.837"/>
  <testcase classname="com.magnus.day3.Account" name="test2" time="42.753">
    <failure type="org.openqa.selenium.ElementClickInterceptedException" message="element click intercepted: Element &amp;lt;span class=&amp;quot;zg-bdg-text&amp;quot;&amp;gt;...&amp;lt;/span&amp;gt; is not clickable at point (356, 297). Other element would receive the click: &amp;lt;input class=&amp;quot;GLUX_Full_Width a-declarative&amp;quot; type=&amp;quot;text&amp;quot; maxlength=&amp;quot;5&amp;quot; id=&amp;quot;GLUXZipUpdateInput&amp;quot; aria-label=&amp;quot;or enter a US zip code&amp;quot; data-action=&amp;quot;GLUXPostalInputAction&amp;quot;&amp;gt;
  (Session info: chrome=97.0.4692.99)
Build info: version: &amp;apos;4.0.0-alpha-2&amp;apos;, revision: &amp;apos;f148142cf8&amp;apos;, time: &amp;apos;2019-07-01T20:55:26&amp;apos;
System info: host: &amp;apos;LAPTOP-I738VVCC&amp;apos;, ip: &amp;apos;192.168.0.11&amp;apos;, os.name: &amp;apos;Windows 10&amp;apos;, os.arch: &amp;apos;amd64&amp;apos;, os.version: &amp;apos;10.0&amp;apos;, java.version: &amp;apos;10.0.1&amp;apos;
Driver info: org.openqa.selenium.chrome.ChromeDriver
Capabilities {acceptInsecureCerts: false, browserName: chrome, browserVersion: 97.0.4692.99, chrome: {chromedriverVersion: 97.0.4692.71 (adefa7837d02a..., userDataDir: C:\Users\Neha\AppData\Local...}, goog:chromeOptions: {debuggerAddress: localhost:54733}, javascriptEnabled: true, networkConnectionEnabled: false, pageLoadStrategy: normal, platform: WINDOWS, platformName: WINDOWS, proxy: Proxy(), setWindowRect: true, strictFileInteractability: false, timeouts: {implicit: 0, pageLoad: 300000, script: 30000}, unhandledPromptBehavior: dismiss and notify, webauthn:extension:credBlob: true, webauthn:extension:largeBlob: true, webauthn:virtualAuthenticators: true}
Session ID: fe598d80a9fd39dc696d66237ef0d888">
      <![CDATA[org.openqa.selenium.ElementClickInterceptedException: element click intercepted: Element <span class="zg-bdg-text">...</span> is not clickable at point (356, 297). Other element would receive the click: <input class="GLUX_Full_Width a-declarative" type="text" maxlength="5" id="GLUXZipUpdateInput" aria-label="or enter a US zip code" data-action="GLUXPostalInputAction">
  (Session info: chrome=97.0.4692.99)
Build info: version: '4.0.0-alpha-2', revision: 'f148142cf8', time: '2019-07-01T20:55:26'
System info: host: 'LAPTOP-I738VVCC', ip: '192.168.0.11', os.name: 'Windows 10', os.arch: 'amd64', os.version: '10.0', java.version: '10.0.1'
Driver info: org.openqa.selenium.chrome.ChromeDriver
Capabilities {acceptInsecureCerts: false, browserName: chrome, browserVersion: 97.0.4692.99, chrome: {chromedriverVersion: 97.0.4692.71 (adefa7837d02a..., userDataDir: C:\Users\Neha\AppData\Local...}, goog:chromeOptions: {debuggerAddress: localhost:54733}, javascriptEnabled: true, networkConnectionEnabled: false, pageLoadStrategy: normal, platform: WINDOWS, platformName: WINDOWS, proxy: Proxy(), setWindowRect: true, strictFileInteractability: false, timeouts: {implicit: 0, pageLoad: 300000, script: 30000}, unhandledPromptBehavior: dismiss and notify, webauthn:extension:credBlob: true, webauthn:extension:largeBlob: true, webauthn:virtualAuthenticators: true}
Session ID: fe598d80a9fd39dc696d66237ef0d888
at org.openqa.selenium.remote.codec.w3c.W3CHttpResponseCodec.createException(W3CHttpResponseCodec.java:191)
at org.openqa.selenium.remote.codec.w3c.W3CHttpResponseCodec.decode(W3CHttpResponseCodec.java:125)
at org.openqa.selenium.remote.codec.w3c.W3CHttpResponseCodec.decode(W3CHttpResponseCodec.java:52)
at org.openqa.selenium.remote.HttpCommandExecutor.execute(HttpCommandExecutor.java:161)
at org.openqa.selenium.remote.service.DriverCommandExecutor.execute(DriverCommandExecutor.java:83)
at org.openqa.selenium.remote.RemoteWebDriver.execute(RemoteWebDriver.java:576)
at org.openqa.selenium.remote.RemoteWebElement.execute(RemoteWebElement.java:308)
at org.openqa.selenium.remote.RemoteWebElement.click(RemoteWebElement.java:83)
at com.magnus.day3.Account.test2(Account.java:52)
at java.base/java.util.ArrayList.forEach(ArrayList.java:1378)
... Removed 31 stack frames]]>
    </failure>
  </testcase> <!-- test2 -->
  <testcase classname="com.magnus.day3.TestNg" name="GoogleSearch" time="6.813"/>
  <testcase classname="com.magnus.day3.TestNg" name="WikiSearch" time="10.09"/>
  <testcase classname="com.magnus.day2.Demotestngsuite" name="display1" time="0.007"/>
  <testcase classname="com.magnus.day2.Demotestngsuite" name="display2" time="0.003"/>
</testsuite> <!-- Regression1 -->
